<?xml version="1.0" encoding="UTF-8"?>
<testsuite name="hello.springtx.apply.InternalCallV1Test" tests="1" skipped="0" failures="0" errors="0" timestamp="2023-06-12T07:45:39" hostname="jeongsang-yun-ui-MacBookAir.local" time="0.098">
  <properties/>
  <testcase name="printProxy()" classname="hello.springtx.apply.InternalCallV1Test" time="0.098"/>
  <system-out><![CDATA[16:45:37.809 [Test worker] DEBUG org.springframework.test.context.BootstrapUtils - Instantiating CacheAwareContextLoaderDelegate from class [org.springframework.test.context.cache.DefaultCacheAwareContextLoaderDelegate]
16:45:37.816 [Test worker] DEBUG org.springframework.test.context.BootstrapUtils - Instantiating BootstrapContext using constructor [public org.springframework.test.context.support.DefaultBootstrapContext(java.lang.Class,org.springframework.test.context.CacheAwareContextLoaderDelegate)]
16:45:37.832 [Test worker] DEBUG org.springframework.test.context.BootstrapUtils - Instantiating TestContextBootstrapper for test class [hello.springtx.apply.InternalCallV1Test] from class [org.springframework.boot.test.context.SpringBootTestContextBootstrapper]
16:45:37.838 [Test worker] INFO org.springframework.boot.test.context.SpringBootTestContextBootstrapper - Neither @ContextConfiguration nor @ContextHierarchy found for test class [hello.springtx.apply.InternalCallV1Test], using SpringBootContextLoader
16:45:37.840 [Test worker] DEBUG org.springframework.test.context.support.AbstractContextLoader - Did not detect default resource location for test class [hello.springtx.apply.InternalCallV1Test]: class path resource [hello/springtx/apply/InternalCallV1Test-context.xml] does not exist
16:45:37.840 [Test worker] DEBUG org.springframework.test.context.support.AbstractContextLoader - Did not detect default resource location for test class [hello.springtx.apply.InternalCallV1Test]: class path resource [hello/springtx/apply/InternalCallV1TestContext.groovy] does not exist
16:45:37.840 [Test worker] INFO org.springframework.test.context.support.AbstractContextLoader - Could not detect default resource locations for test class [hello.springtx.apply.InternalCallV1Test]: no resource found for suffixes {-context.xml, Context.groovy}.
16:45:37.841 [Test worker] DEBUG org.springframework.test.context.support.AnnotationConfigContextLoaderUtils - Ignoring class [hello.springtx.apply.InternalCallV1Test$CallService]; it must be static, non-private, non-final, and annotated with @Configuration to be considered a default configuration class.
16:45:37.866 [Test worker] DEBUG org.springframework.test.context.support.ActiveProfilesUtils - Could not find an 'annotation declaring class' for annotation type [org.springframework.test.context.ActiveProfiles] and class [hello.springtx.apply.InternalCallV1Test]
16:45:37.898 [Test worker] DEBUG org.springframework.context.annotation.ClassPathScanningCandidateComponentProvider - Identified candidate component class: file [/Users/jeongsang-yun/Documents/GitHub/springDB-study/springtx/build/classes/java/main/hello/springtx/SpringtxApplication.class]
16:45:37.898 [Test worker] INFO org.springframework.boot.test.context.SpringBootTestContextBootstrapper - Found @SpringBootConfiguration hello.springtx.SpringtxApplication for test class hello.springtx.apply.InternalCallV1Test
16:45:37.939 [Test worker] DEBUG org.springframework.boot.test.context.SpringBootTestContextBootstrapper - @TestExecutionListeners is not present for class [hello.springtx.apply.InternalCallV1Test]: using defaults.
16:45:37.939 [Test worker] INFO org.springframework.boot.test.context.SpringBootTestContextBootstrapper - Loaded default TestExecutionListener class names from location [META-INF/spring.factories]: [org.springframework.boot.test.autoconfigure.restdocs.RestDocsTestExecutionListener, org.springframework.boot.test.autoconfigure.web.client.MockRestServiceServerResetTestExecutionListener, org.springframework.boot.test.autoconfigure.web.servlet.MockMvcPrintOnlyOnFailureTestExecutionListener, org.springframework.boot.test.autoconfigure.web.servlet.WebDriverTestExecutionListener, org.springframework.boot.test.autoconfigure.webservices.client.MockWebServiceServerTestExecutionListener, org.springframework.boot.test.mock.mockito.MockitoTestExecutionListener, org.springframework.boot.test.mock.mockito.ResetMocksTestExecutionListener, org.springframework.test.context.web.ServletTestExecutionListener, org.springframework.test.context.support.DirtiesContextBeforeModesTestExecutionListener, org.springframework.test.context.event.ApplicationEventsTestExecutionListener, org.springframework.test.context.support.DependencyInjectionTestExecutionListener, org.springframework.test.context.support.DirtiesContextTestExecutionListener, org.springframework.test.context.transaction.TransactionalTestExecutionListener, org.springframework.test.context.jdbc.SqlScriptsTestExecutionListener, org.springframework.test.context.event.EventPublishingTestExecutionListener]
16:45:37.944 [Test worker] DEBUG org.springframework.boot.test.context.SpringBootTestContextBootstrapper - Skipping candidate TestExecutionListener [org.springframework.test.context.web.ServletTestExecutionListener] due to a missing dependency. Specify custom listener classes or make the default listener classes and their required dependencies available. Offending class: [javax/servlet/ServletContext]
16:45:37.947 [Test worker] INFO org.springframework.boot.test.context.SpringBootTestContextBootstrapper - Using TestExecutionListeners: [org.springframework.test.context.support.DirtiesContextBeforeModesTestExecutionListener@1edb61b1, org.springframework.test.context.event.ApplicationEventsTestExecutionListener@ec2bf82, org.springframework.boot.test.mock.mockito.MockitoTestExecutionListener@cc62a3b, org.springframework.boot.test.autoconfigure.SpringBootDependencyInjectionTestExecutionListener@6cc0bcf6, org.springframework.test.context.support.DirtiesContextTestExecutionListener@29539e36, org.springframework.test.context.transaction.TransactionalTestExecutionListener@32f61a31, org.springframework.test.context.jdbc.SqlScriptsTestExecutionListener@f5c79a6, org.springframework.test.context.event.EventPublishingTestExecutionListener@669253b7, org.springframework.boot.test.autoconfigure.restdocs.RestDocsTestExecutionListener@5305c37d, org.springframework.boot.test.autoconfigure.web.client.MockRestServiceServerResetTestExecutionListener@51a06cbe, org.springframework.boot.test.autoconfigure.web.servlet.MockMvcPrintOnlyOnFailureTestExecutionListener@3dddbe65, org.springframework.boot.test.autoconfigure.web.servlet.WebDriverTestExecutionListener@49a64d82, org.springframework.boot.test.autoconfigure.webservices.client.MockWebServiceServerTestExecutionListener@344561e0, org.springframework.boot.test.mock.mockito.ResetMocksTestExecutionListener@66d23e4a]
16:45:37.949 [Test worker] DEBUG org.springframework.test.context.support.AbstractDirtiesContextTestExecutionListener - Before test class: context [DefaultTestContext@581d969c testClass = InternalCallV1Test, testInstance = [null], testMethod = [null], testException = [null], mergedContextConfiguration = [MergedContextConfiguration@22db8f4 testClass = InternalCallV1Test, locations = '{}', classes = '{class hello.springtx.SpringtxApplication, class hello.springtx.apply.InternalCallV1Test$InternalCallV1TestConfig}', contextInitializerClasses = '[]', activeProfiles = '{}', propertySourceLocations = '{}', propertySourceProperties = '{org.springframework.boot.test.context.SpringBootTestContextBootstrapper=true}', contextCustomizers = set[org.springframework.boot.test.autoconfigure.actuate.metrics.MetricsExportContextCustomizerFactory$DisableMetricExportContextCustomizer@3fa2213, org.springframework.boot.test.autoconfigure.properties.PropertyMappingContextCustomizer@0, org.springframework.boot.test.autoconfigure.web.servlet.WebDriverContextCustomizerFactory$Customizer@29df4d43, org.springframework.boot.test.context.filter.ExcludeFilterContextCustomizer@75f65e45, org.springframework.boot.test.json.DuplicateJsonObjectContextCustomizerFactory$DuplicateJsonObjectContextCustomizer@75390459, org.springframework.boot.test.mock.mockito.MockitoContextCustomizer@0, org.springframework.boot.test.web.client.TestRestTemplateContextCustomizer@2262b621, org.springframework.boot.test.context.SpringBootTestArgs@1, org.springframework.boot.test.context.SpringBootTestWebEnvironment@61710c6], contextLoader = 'org.springframework.boot.test.context.SpringBootContextLoader', parent = [null]], attributes = map[[empty]]], class annotated with @DirtiesContext [false] with mode [null].
16:45:37.956 [Test worker] DEBUG org.springframework.test.context.support.DependencyInjectionTestExecutionListener - Performing dependency injection for test context [[DefaultTestContext@581d969c testClass = InternalCallV1Test, testInstance = hello.springtx.apply.InternalCallV1Test@3153ddfc, testMethod = [null], testException = [null], mergedContextConfiguration = [MergedContextConfiguration@22db8f4 testClass = InternalCallV1Test, locations = '{}', classes = '{class hello.springtx.SpringtxApplication, class hello.springtx.apply.InternalCallV1Test$InternalCallV1TestConfig}', contextInitializerClasses = '[]', activeProfiles = '{}', propertySourceLocations = '{}', propertySourceProperties = '{org.springframework.boot.test.context.SpringBootTestContextBootstrapper=true}', contextCustomizers = set[org.springframework.boot.test.autoconfigure.actuate.metrics.MetricsExportContextCustomizerFactory$DisableMetricExportContextCustomizer@3fa2213, org.springframework.boot.test.autoconfigure.properties.PropertyMappingContextCustomizer@0, org.springframework.boot.test.autoconfigure.web.servlet.WebDriverContextCustomizerFactory$Customizer@29df4d43, org.springframework.boot.test.context.filter.ExcludeFilterContextCustomizer@75f65e45, org.springframework.boot.test.json.DuplicateJsonObjectContextCustomizerFactory$DuplicateJsonObjectContextCustomizer@75390459, org.springframework.boot.test.mock.mockito.MockitoContextCustomizer@0, org.springframework.boot.test.web.client.TestRestTemplateContextCustomizer@2262b621, org.springframework.boot.test.context.SpringBootTestArgs@1, org.springframework.boot.test.context.SpringBootTestWebEnvironment@61710c6], contextLoader = 'org.springframework.boot.test.context.SpringBootContextLoader', parent = [null]], attributes = map['org.springframework.test.context.event.ApplicationEventsTestExecutionListener.recordApplicationEvents' -> false]]].

  .   ____          _            __ _ _
 /\\ / ___'_ __ _ _(_)_ __  __ _ \ \ \ \
( ( )\___ | '_ | '_| | '_ \/ _` | \ \ \ \
 \\/  ___)| |_)| | | | | || (_| |  ) ) ) )
  '  |____| .__|_| |_|_| |_\__, | / / / /
 =========|_|==============|___/=/_/_/_/
 :: Spring Boot ::               (v2.7.12)

2023-06-12 16:45:38.097  INFO 33331 --- [    Test worker] hello.springtx.apply.InternalCallV1Test  : Starting InternalCallV1Test using Java 11.0.18 on jeongsang-yun-ui-MacBookAir.local with PID 33331 (started by jeongsang-yun in /Users/jeongsang-yun/Documents/GitHub/springDB-study/springtx)
2023-06-12 16:45:38.097  INFO 33331 --- [    Test worker] hello.springtx.apply.InternalCallV1Test  : No active profile set, falling back to 1 default profile: "default"
2023-06-12 16:45:38.293  INFO 33331 --- [    Test worker] .s.d.r.c.RepositoryConfigurationDelegate : Bootstrapping Spring Data JPA repositories in DEFAULT mode.
2023-06-12 16:45:38.299  INFO 33331 --- [    Test worker] .s.d.r.c.RepositoryConfigurationDelegate : Finished Spring Data repository scanning in 2 ms. Found 0 JPA repository interfaces.
2023-06-12 16:45:38.487  INFO 33331 --- [    Test worker] com.zaxxer.hikari.HikariDataSource       : HikariPool-1 - Starting...
2023-06-12 16:45:38.598  INFO 33331 --- [    Test worker] com.zaxxer.hikari.HikariDataSource       : HikariPool-1 - Start completed.
2023-06-12 16:45:38.636  INFO 33331 --- [    Test worker] o.hibernate.jpa.internal.util.LogHelper  : HHH000204: Processing PersistenceUnitInfo [name: default]
2023-06-12 16:45:38.667  INFO 33331 --- [    Test worker] org.hibernate.Version                    : HHH000412: Hibernate ORM core version 5.6.15.Final
2023-06-12 16:45:38.757  INFO 33331 --- [    Test worker] o.hibernate.annotations.common.Version   : HCANN000001: Hibernate Commons Annotations {5.1.2.Final}
2023-06-12 16:45:38.820  INFO 33331 --- [    Test worker] org.hibernate.dialect.Dialect            : HHH000400: Using dialect: org.hibernate.dialect.H2Dialect
2023-06-12 16:45:38.918  INFO 33331 --- [    Test worker] o.h.e.t.j.p.i.JtaPlatformInitiator       : HHH000490: Using JtaPlatform implementation: [org.hibernate.engine.transaction.jta.platform.internal.NoJtaPlatform]
2023-06-12 16:45:38.923  INFO 33331 --- [    Test worker] j.LocalContainerEntityManagerFactoryBean : Initialized JPA EntityManagerFactory for persistence unit 'default'
2023-06-12 16:45:39.011  INFO 33331 --- [    Test worker] hello.springtx.apply.InternalCallV1Test  : Started InternalCallV1Test in 1.042 seconds (JVM running for 1.589)
2023-06-12 16:45:39.109  INFO 33331 --- [    Test worker] hello.springtx.apply.InternalCallV1Test  : callService class=class hello.springtx.apply.InternalCallV1Test$CallService$$EnhancerBySpringCGLIB$$b0fbba2c
]]></system-out>
  <system-err><![CDATA[]]></system-err>
</testsuite>
