<?xml version="1.0" encoding="UTF-8"?>
<testsuite name="hello.springtx.apply.InitTxTest" tests="1" skipped="0" failures="0" errors="0" timestamp="2023-06-12T07:20:26" hostname="jeongsang-yun-ui-MacBookAir.local" time="0.095">
  <properties/>
  <testcase name="go()" classname="hello.springtx.apply.InitTxTest" time="0.095"/>
  <system-out><![CDATA[16:20:24.892 [Test worker] DEBUG org.springframework.test.context.BootstrapUtils - Instantiating CacheAwareContextLoaderDelegate from class [org.springframework.test.context.cache.DefaultCacheAwareContextLoaderDelegate]
16:20:24.898 [Test worker] DEBUG org.springframework.test.context.BootstrapUtils - Instantiating BootstrapContext using constructor [public org.springframework.test.context.support.DefaultBootstrapContext(java.lang.Class,org.springframework.test.context.CacheAwareContextLoaderDelegate)]
16:20:24.916 [Test worker] DEBUG org.springframework.test.context.BootstrapUtils - Instantiating TestContextBootstrapper for test class [hello.springtx.apply.InitTxTest] from class [org.springframework.boot.test.context.SpringBootTestContextBootstrapper]
16:20:24.922 [Test worker] INFO org.springframework.boot.test.context.SpringBootTestContextBootstrapper - Neither @ContextConfiguration nor @ContextHierarchy found for test class [hello.springtx.apply.InitTxTest], using SpringBootContextLoader
16:20:24.924 [Test worker] DEBUG org.springframework.test.context.support.AbstractContextLoader - Did not detect default resource location for test class [hello.springtx.apply.InitTxTest]: class path resource [hello/springtx/apply/InitTxTest-context.xml] does not exist
16:20:24.924 [Test worker] DEBUG org.springframework.test.context.support.AbstractContextLoader - Did not detect default resource location for test class [hello.springtx.apply.InitTxTest]: class path resource [hello/springtx/apply/InitTxTestContext.groovy] does not exist
16:20:24.924 [Test worker] INFO org.springframework.test.context.support.AbstractContextLoader - Could not detect default resource locations for test class [hello.springtx.apply.InitTxTest]: no resource found for suffixes {-context.xml, Context.groovy}.
16:20:24.924 [Test worker] DEBUG org.springframework.test.context.support.AnnotationConfigContextLoaderUtils - Ignoring class [hello.springtx.apply.InitTxTest$Hello]; it must be static, non-private, non-final, and annotated with @Configuration to be considered a default configuration class.
16:20:24.945 [Test worker] DEBUG org.springframework.test.context.support.ActiveProfilesUtils - Could not find an 'annotation declaring class' for annotation type [org.springframework.test.context.ActiveProfiles] and class [hello.springtx.apply.InitTxTest]
16:20:24.976 [Test worker] DEBUG org.springframework.context.annotation.ClassPathScanningCandidateComponentProvider - Identified candidate component class: file [/Users/jeongsang-yun/Documents/GitHub/springDB-study/springtx/build/classes/java/main/hello/springtx/SpringtxApplication.class]
16:20:24.977 [Test worker] INFO org.springframework.boot.test.context.SpringBootTestContextBootstrapper - Found @SpringBootConfiguration hello.springtx.SpringtxApplication for test class hello.springtx.apply.InitTxTest
16:20:25.020 [Test worker] DEBUG org.springframework.boot.test.context.SpringBootTestContextBootstrapper - @TestExecutionListeners is not present for class [hello.springtx.apply.InitTxTest]: using defaults.
16:20:25.020 [Test worker] INFO org.springframework.boot.test.context.SpringBootTestContextBootstrapper - Loaded default TestExecutionListener class names from location [META-INF/spring.factories]: [org.springframework.boot.test.autoconfigure.restdocs.RestDocsTestExecutionListener, org.springframework.boot.test.autoconfigure.web.client.MockRestServiceServerResetTestExecutionListener, org.springframework.boot.test.autoconfigure.web.servlet.MockMvcPrintOnlyOnFailureTestExecutionListener, org.springframework.boot.test.autoconfigure.web.servlet.WebDriverTestExecutionListener, org.springframework.boot.test.autoconfigure.webservices.client.MockWebServiceServerTestExecutionListener, org.springframework.boot.test.mock.mockito.MockitoTestExecutionListener, org.springframework.boot.test.mock.mockito.ResetMocksTestExecutionListener, org.springframework.test.context.web.ServletTestExecutionListener, org.springframework.test.context.support.DirtiesContextBeforeModesTestExecutionListener, org.springframework.test.context.event.ApplicationEventsTestExecutionListener, org.springframework.test.context.support.DependencyInjectionTestExecutionListener, org.springframework.test.context.support.DirtiesContextTestExecutionListener, org.springframework.test.context.transaction.TransactionalTestExecutionListener, org.springframework.test.context.jdbc.SqlScriptsTestExecutionListener, org.springframework.test.context.event.EventPublishingTestExecutionListener]
16:20:25.024 [Test worker] DEBUG org.springframework.boot.test.context.SpringBootTestContextBootstrapper - Skipping candidate TestExecutionListener [org.springframework.test.context.web.ServletTestExecutionListener] due to a missing dependency. Specify custom listener classes or make the default listener classes and their required dependencies available. Offending class: [javax/servlet/ServletContext]
16:20:25.027 [Test worker] INFO org.springframework.boot.test.context.SpringBootTestContextBootstrapper - Using TestExecutionListeners: [org.springframework.test.context.support.DirtiesContextBeforeModesTestExecutionListener@70eecdc2, org.springframework.test.context.event.ApplicationEventsTestExecutionListener@c41709a, org.springframework.boot.test.mock.mockito.MockitoTestExecutionListener@7db0565c, org.springframework.boot.test.autoconfigure.SpringBootDependencyInjectionTestExecutionListener@54ec8cc9, org.springframework.test.context.support.DirtiesContextTestExecutionListener@52eacb4b, org.springframework.test.context.transaction.TransactionalTestExecutionListener@5528a42c, org.springframework.test.context.jdbc.SqlScriptsTestExecutionListener@2a551a63, org.springframework.test.context.event.EventPublishingTestExecutionListener@1a6f5124, org.springframework.boot.test.autoconfigure.restdocs.RestDocsTestExecutionListener@1edb61b1, org.springframework.boot.test.autoconfigure.web.client.MockRestServiceServerResetTestExecutionListener@ec2bf82, org.springframework.boot.test.autoconfigure.web.servlet.MockMvcPrintOnlyOnFailureTestExecutionListener@cc62a3b, org.springframework.boot.test.autoconfigure.web.servlet.WebDriverTestExecutionListener@6cc0bcf6, org.springframework.boot.test.autoconfigure.webservices.client.MockWebServiceServerTestExecutionListener@29539e36, org.springframework.boot.test.mock.mockito.ResetMocksTestExecutionListener@32f61a31]
16:20:25.029 [Test worker] DEBUG org.springframework.test.context.support.AbstractDirtiesContextTestExecutionListener - Before test class: context [DefaultTestContext@2575f671 testClass = InitTxTest, testInstance = [null], testMethod = [null], testException = [null], mergedContextConfiguration = [MergedContextConfiguration@329a1243 testClass = InitTxTest, locations = '{}', classes = '{class hello.springtx.SpringtxApplication, class hello.springtx.apply.InitTxTest$InitTextConfig}', contextInitializerClasses = '[]', activeProfiles = '{}', propertySourceLocations = '{}', propertySourceProperties = '{org.springframework.boot.test.context.SpringBootTestContextBootstrapper=true}', contextCustomizers = set[org.springframework.boot.test.autoconfigure.actuate.metrics.MetricsExportContextCustomizerFactory$DisableMetricExportContextCustomizer@75b25825, org.springframework.boot.test.autoconfigure.properties.PropertyMappingContextCustomizer@0, org.springframework.boot.test.autoconfigure.web.servlet.WebDriverContextCustomizerFactory$Customizer@36f48b4, org.springframework.boot.test.context.filter.ExcludeFilterContextCustomizer@3f792b9b, org.springframework.boot.test.json.DuplicateJsonObjectContextCustomizerFactory$DuplicateJsonObjectContextCustomizer@1af146, org.springframework.boot.test.mock.mockito.MockitoContextCustomizer@0, org.springframework.boot.test.web.client.TestRestTemplateContextCustomizer@674658f7, org.springframework.boot.test.context.SpringBootTestArgs@1, org.springframework.boot.test.context.SpringBootTestWebEnvironment@61710c6], contextLoader = 'org.springframework.boot.test.context.SpringBootContextLoader', parent = [null]], attributes = map[[empty]]], class annotated with @DirtiesContext [false] with mode [null].
16:20:25.034 [Test worker] DEBUG org.springframework.test.context.support.DependencyInjectionTestExecutionListener - Performing dependency injection for test context [[DefaultTestContext@2575f671 testClass = InitTxTest, testInstance = hello.springtx.apply.InitTxTest@475b7792, testMethod = [null], testException = [null], mergedContextConfiguration = [MergedContextConfiguration@329a1243 testClass = InitTxTest, locations = '{}', classes = '{class hello.springtx.SpringtxApplication, class hello.springtx.apply.InitTxTest$InitTextConfig}', contextInitializerClasses = '[]', activeProfiles = '{}', propertySourceLocations = '{}', propertySourceProperties = '{org.springframework.boot.test.context.SpringBootTestContextBootstrapper=true}', contextCustomizers = set[org.springframework.boot.test.autoconfigure.actuate.metrics.MetricsExportContextCustomizerFactory$DisableMetricExportContextCustomizer@75b25825, org.springframework.boot.test.autoconfigure.properties.PropertyMappingContextCustomizer@0, org.springframework.boot.test.autoconfigure.web.servlet.WebDriverContextCustomizerFactory$Customizer@36f48b4, org.springframework.boot.test.context.filter.ExcludeFilterContextCustomizer@3f792b9b, org.springframework.boot.test.json.DuplicateJsonObjectContextCustomizerFactory$DuplicateJsonObjectContextCustomizer@1af146, org.springframework.boot.test.mock.mockito.MockitoContextCustomizer@0, org.springframework.boot.test.web.client.TestRestTemplateContextCustomizer@674658f7, org.springframework.boot.test.context.SpringBootTestArgs@1, org.springframework.boot.test.context.SpringBootTestWebEnvironment@61710c6], contextLoader = 'org.springframework.boot.test.context.SpringBootContextLoader', parent = [null]], attributes = map['org.springframework.test.context.event.ApplicationEventsTestExecutionListener.recordApplicationEvents' -> false]]].

  .   ____          _            __ _ _
 /\\ / ___'_ __ _ _(_)_ __  __ _ \ \ \ \
( ( )\___ | '_ | '_| | '_ \/ _` | \ \ \ \
 \\/  ___)| |_)| | | | | || (_| |  ) ) ) )
  '  |____| .__|_| |_|_| |_\__, | / / / /
 =========|_|==============|___/=/_/_/_/
 :: Spring Boot ::               (v2.7.12)

2023-06-12 16:20:25.180  INFO 31094 --- [    Test worker] hello.springtx.apply.InitTxTest          : Starting InitTxTest using Java 11.0.18 on jeongsang-yun-ui-MacBookAir.local with PID 31094 (started by jeongsang-yun in /Users/jeongsang-yun/Documents/GitHub/springDB-study/springtx)
2023-06-12 16:20:25.180  INFO 31094 --- [    Test worker] hello.springtx.apply.InitTxTest          : No active profile set, falling back to 1 default profile: "default"
2023-06-12 16:20:25.375  INFO 31094 --- [    Test worker] .s.d.r.c.RepositoryConfigurationDelegate : Bootstrapping Spring Data JPA repositories in DEFAULT mode.
2023-06-12 16:20:25.381  INFO 31094 --- [    Test worker] .s.d.r.c.RepositoryConfigurationDelegate : Finished Spring Data repository scanning in 2 ms. Found 0 JPA repository interfaces.
2023-06-12 16:20:25.568  INFO 31094 --- [    Test worker] com.zaxxer.hikari.HikariDataSource       : HikariPool-1 - Starting...
2023-06-12 16:20:25.683  INFO 31094 --- [    Test worker] com.zaxxer.hikari.HikariDataSource       : HikariPool-1 - Start completed.
2023-06-12 16:20:25.717  INFO 31094 --- [    Test worker] o.hibernate.jpa.internal.util.LogHelper  : HHH000204: Processing PersistenceUnitInfo [name: default]
2023-06-12 16:20:25.746  INFO 31094 --- [    Test worker] org.hibernate.Version                    : HHH000412: Hibernate ORM core version 5.6.15.Final
2023-06-12 16:20:25.832  INFO 31094 --- [    Test worker] o.hibernate.annotations.common.Version   : HCANN000001: Hibernate Commons Annotations {5.1.2.Final}
2023-06-12 16:20:25.895  INFO 31094 --- [    Test worker] org.hibernate.dialect.Dialect            : HHH000400: Using dialect: org.hibernate.dialect.H2Dialect
2023-06-12 16:20:25.993  INFO 31094 --- [    Test worker] o.h.e.t.j.p.i.JtaPlatformInitiator       : HHH000490: Using JtaPlatform implementation: [org.hibernate.engine.transaction.jta.platform.internal.NoJtaPlatform]
2023-06-12 16:20:25.998  INFO 31094 --- [    Test worker] j.LocalContainerEntityManagerFactoryBean : Initialized JPA EntityManagerFactory for persistence unit 'default'
2023-06-12 16:20:26.015  INFO 31094 --- [    Test worker] hello.springtx.apply.InitTxTest$Hello    : Hello init @PostConstruct tx active=false
2023-06-12 16:20:26.090  INFO 31094 --- [    Test worker] hello.springtx.apply.InitTxTest          : Started InitTxTest in 1.039 seconds (JVM running for 1.604)
2023-06-12 16:20:26.124 TRACE 31094 --- [    Test worker] o.s.t.i.TransactionInterceptor           : Getting transaction for [hello.springtx.apply.InitTxTest$Hello.initV2]
2023-06-12 16:20:26.127  INFO 31094 --- [    Test worker] hello.springtx.apply.InitTxTest$Hello    : Hello init ApplicationReadyEvent tx active=true
2023-06-12 16:20:26.127 TRACE 31094 --- [    Test worker] o.s.t.i.TransactionInterceptor           : Completing transaction for [hello.springtx.apply.InitTxTest$Hello.initV2]
]]></system-out>
  <system-err><![CDATA[]]></system-err>
</testsuite>
