<?xml version="1.0" encoding="UTF-8"?>
<testsuite name="hello.itemservice.domain.ItemRepositoryTest" tests="3" skipped="0" failures="0" errors="0" timestamp="2023-06-11T12:22:42" hostname="jeongsang-yun-ui-MacBookAir.local" time="0.216">
  <properties/>
  <testcase name="updateItem()" classname="hello.itemservice.domain.ItemRepositoryTest" time="0.137"/>
  <testcase name="save()" classname="hello.itemservice.domain.ItemRepositoryTest" time="0.006"/>
  <testcase name="findItems()" classname="hello.itemservice.domain.ItemRepositoryTest" time="0.071"/>
  <system-out><![CDATA[21:22:40.192 [Test worker] DEBUG org.springframework.test.context.BootstrapUtils - Instantiating CacheAwareContextLoaderDelegate from class [org.springframework.test.context.cache.DefaultCacheAwareContextLoaderDelegate]
21:22:40.198 [Test worker] DEBUG org.springframework.test.context.BootstrapUtils - Instantiating BootstrapContext using constructor [public org.springframework.test.context.support.DefaultBootstrapContext(java.lang.Class,org.springframework.test.context.CacheAwareContextLoaderDelegate)]
21:22:40.214 [Test worker] DEBUG org.springframework.test.context.BootstrapUtils - Instantiating TestContextBootstrapper for test class [hello.itemservice.domain.ItemRepositoryTest] from class [org.springframework.boot.test.context.SpringBootTestContextBootstrapper]
21:22:40.220 [Test worker] INFO org.springframework.boot.test.context.SpringBootTestContextBootstrapper - Neither @ContextConfiguration nor @ContextHierarchy found for test class [hello.itemservice.domain.ItemRepositoryTest], using SpringBootContextLoader
21:22:40.222 [Test worker] DEBUG org.springframework.test.context.support.AbstractContextLoader - Did not detect default resource location for test class [hello.itemservice.domain.ItemRepositoryTest]: class path resource [hello/itemservice/domain/ItemRepositoryTest-context.xml] does not exist
21:22:40.222 [Test worker] DEBUG org.springframework.test.context.support.AbstractContextLoader - Did not detect default resource location for test class [hello.itemservice.domain.ItemRepositoryTest]: class path resource [hello/itemservice/domain/ItemRepositoryTestContext.groovy] does not exist
21:22:40.222 [Test worker] INFO org.springframework.test.context.support.AbstractContextLoader - Could not detect default resource locations for test class [hello.itemservice.domain.ItemRepositoryTest]: no resource found for suffixes {-context.xml, Context.groovy}.
21:22:40.223 [Test worker] INFO org.springframework.test.context.support.AnnotationConfigContextLoaderUtils - Could not detect default configuration classes for test class [hello.itemservice.domain.ItemRepositoryTest]: ItemRepositoryTest does not declare any static, non-private, non-final, nested classes annotated with @Configuration.
21:22:40.244 [Test worker] DEBUG org.springframework.test.context.support.ActiveProfilesUtils - Could not find an 'annotation declaring class' for annotation type [org.springframework.test.context.ActiveProfiles] and class [hello.itemservice.domain.ItemRepositoryTest]
21:22:40.275 [Test worker] DEBUG org.springframework.context.annotation.ClassPathScanningCandidateComponentProvider - Identified candidate component class: file [/Users/jeongsang-yun/Documents/GitHub/springDB-study/itemservice-db/build/classes/java/main/hello/itemservice/ItemServiceApplication.class]
21:22:40.276 [Test worker] INFO org.springframework.boot.test.context.SpringBootTestContextBootstrapper - Found @SpringBootConfiguration hello.itemservice.ItemServiceApplication for test class hello.itemservice.domain.ItemRepositoryTest
21:22:40.328 [Test worker] DEBUG org.springframework.boot.test.context.SpringBootTestContextBootstrapper - @TestExecutionListeners is not present for class [hello.itemservice.domain.ItemRepositoryTest]: using defaults.
21:22:40.329 [Test worker] INFO org.springframework.boot.test.context.SpringBootTestContextBootstrapper - Loaded default TestExecutionListener class names from location [META-INF/spring.factories]: [org.springframework.boot.test.autoconfigure.restdocs.RestDocsTestExecutionListener, org.springframework.boot.test.autoconfigure.web.client.MockRestServiceServerResetTestExecutionListener, org.springframework.boot.test.autoconfigure.web.servlet.MockMvcPrintOnlyOnFailureTestExecutionListener, org.springframework.boot.test.autoconfigure.web.servlet.WebDriverTestExecutionListener, org.springframework.boot.test.autoconfigure.webservices.client.MockWebServiceServerTestExecutionListener, org.springframework.boot.test.mock.mockito.MockitoTestExecutionListener, org.springframework.boot.test.mock.mockito.ResetMocksTestExecutionListener, org.springframework.test.context.web.ServletTestExecutionListener, org.springframework.test.context.support.DirtiesContextBeforeModesTestExecutionListener, org.springframework.test.context.event.ApplicationEventsTestExecutionListener, org.springframework.test.context.support.DependencyInjectionTestExecutionListener, org.springframework.test.context.support.DirtiesContextTestExecutionListener, org.springframework.test.context.transaction.TransactionalTestExecutionListener, org.springframework.test.context.jdbc.SqlScriptsTestExecutionListener, org.springframework.test.context.event.EventPublishingTestExecutionListener]
21:22:40.337 [Test worker] INFO org.springframework.boot.test.context.SpringBootTestContextBootstrapper - Using TestExecutionListeners: [org.springframework.test.context.web.ServletTestExecutionListener@41c07648, org.springframework.test.context.support.DirtiesContextBeforeModesTestExecutionListener@1fe8d51b, org.springframework.test.context.event.ApplicationEventsTestExecutionListener@781e7326, org.springframework.boot.test.mock.mockito.MockitoTestExecutionListener@22680f52, org.springframework.boot.test.autoconfigure.SpringBootDependencyInjectionTestExecutionListener@60d84f61, org.springframework.test.context.support.DirtiesContextTestExecutionListener@39c11e6c, org.springframework.test.context.transaction.TransactionalTestExecutionListener@324dcd31, org.springframework.test.context.jdbc.SqlScriptsTestExecutionListener@503d56b5, org.springframework.test.context.event.EventPublishingTestExecutionListener@72bca894, org.springframework.boot.test.autoconfigure.restdocs.RestDocsTestExecutionListener@433ffad1, org.springframework.boot.test.autoconfigure.web.client.MockRestServiceServerResetTestExecutionListener@1fc793c2, org.springframework.boot.test.autoconfigure.web.servlet.MockMvcPrintOnlyOnFailureTestExecutionListener@2575f671, org.springframework.boot.test.autoconfigure.web.servlet.WebDriverTestExecutionListener@329a1243, org.springframework.boot.test.autoconfigure.webservices.client.MockWebServiceServerTestExecutionListener@ecf9fb3, org.springframework.boot.test.mock.mockito.ResetMocksTestExecutionListener@2d35442b]
21:22:40.339 [Test worker] DEBUG org.springframework.test.context.support.AbstractDirtiesContextTestExecutionListener - Before test class: context [DefaultTestContext@4cc61eb1 testClass = ItemRepositoryTest, testInstance = [null], testMethod = [null], testException = [null], mergedContextConfiguration = [WebMergedContextConfiguration@2d8f2f3a testClass = ItemRepositoryTest, locations = '{}', classes = '{class hello.itemservice.ItemServiceApplication}', contextInitializerClasses = '[]', activeProfiles = '{}', propertySourceLocations = '{}', propertySourceProperties = '{org.springframework.boot.test.context.SpringBootTestContextBootstrapper=true}', contextCustomizers = set[org.springframework.boot.test.autoconfigure.actuate.metrics.MetricsExportContextCustomizerFactory$DisableMetricExportContextCustomizer@6da00fb9, org.springframework.boot.test.autoconfigure.properties.PropertyMappingContextCustomizer@0, org.springframework.boot.test.autoconfigure.web.servlet.WebDriverContextCustomizerFactory$Customizer@68b6f0d6, org.springframework.boot.test.context.filter.ExcludeFilterContextCustomizer@3b7ff809, org.springframework.boot.test.json.DuplicateJsonObjectContextCustomizerFactory$DuplicateJsonObjectContextCustomizer@3f792b9b, org.springframework.boot.test.mock.mockito.MockitoContextCustomizer@0, org.springframework.boot.test.web.client.TestRestTemplateContextCustomizer@2bd2b28e, org.springframework.boot.test.context.SpringBootTestArgs@1, org.springframework.boot.test.context.SpringBootTestWebEnvironment@a8ef162], resourceBasePath = 'src/main/webapp', contextLoader = 'org.springframework.boot.test.context.SpringBootContextLoader', parent = [null]], attributes = map['org.springframework.test.context.web.ServletTestExecutionListener.activateListener' -> true]], class annotated with @DirtiesContext [false] with mode [null].

  .   ____          _            __ _ _
 /\\ / ___'_ __ _ _(_)_ __  __ _ \ \ \ \
( ( )\___ | '_ | '_| | '_ \/ _` | \ \ \ \
 \\/  ___)| |_)| | | | | || (_| |  ) ) ) )
  '  |____| .__|_| |_|_| |_\__, | / / / /
 =========|_|==============|___/=/_/_/_/
 :: Spring Boot ::                (v2.6.5)

2023-06-11 21:22:40.742  INFO 17052 --- [    Test worker] h.itemservice.domain.ItemRepositoryTest  : Starting ItemRepositoryTest using Java 11.0.18 on jeongsang-yun-ui-MacBookAir.local with PID 17052 (started by jeongsang-yun in /Users/jeongsang-yun/Documents/GitHub/springDB-study/itemservice-db)
2023-06-11 21:22:40.743  INFO 17052 --- [    Test worker] h.itemservice.domain.ItemRepositoryTest  : The following 1 profile is active: "test"
2023-06-11 21:22:41.096  INFO 17052 --- [    Test worker] .s.d.r.c.RepositoryConfigurationDelegate : Bootstrapping Spring Data JPA repositories in DEFAULT mode.
2023-06-11 21:22:41.131  INFO 17052 --- [    Test worker] .s.d.r.c.RepositoryConfigurationDelegate : Finished Spring Data repository scanning in 30 ms. Found 2 JPA repository interfaces.
2023-06-11 21:22:41.370 DEBUG 17052 --- [    Test worker] o.s.jdbc.datasource.DataSourceUtils      : Fetching JDBC Connection from DataSource
2023-06-11 21:22:41.371  INFO 17052 --- [    Test worker] com.zaxxer.hikari.HikariDataSource       : HikariPool-1 - Starting...
2023-06-11 21:22:41.468  INFO 17052 --- [    Test worker] com.zaxxer.hikari.HikariDataSource       : HikariPool-1 - Start completed.
2023-06-11 21:22:41.478 DEBUG 17052 --- [    Test worker] o.s.jdbc.datasource.DataSourceUtils      : Fetching JDBC Connection from DataSource
2023-06-11 21:22:41.478 DEBUG 17052 --- [    Test worker] o.s.jdbc.datasource.init.ScriptUtils     : Executing SQL script from URL [file:/Users/jeongsang-yun/Documents/GitHub/springDB-study/itemservice-db/build/resources/test/schema.sql]
2023-06-11 21:22:41.481 DEBUG 17052 --- [    Test worker] o.s.jdbc.datasource.init.ScriptUtils     : 0 returned as update count for SQL: drop table if exists item CASCADE
2023-06-11 21:22:41.486 DEBUG 17052 --- [    Test worker] o.s.jdbc.datasource.init.ScriptUtils     : 0 returned as update count for SQL: create table item ( id bigint generated by default as identity, item_name varchar(10), price integer, quantity integer, primary key (id) )
2023-06-11 21:22:41.486 DEBUG 17052 --- [    Test worker] o.s.jdbc.datasource.init.ScriptUtils     : Executed SQL script from URL [file:/Users/jeongsang-yun/Documents/GitHub/springDB-study/itemservice-db/build/resources/test/schema.sql] in 8 ms.
2023-06-11 21:22:41.533 DEBUG 17052 --- [    Test worker] o.s.jdbc.datasource.DataSourceUtils      : Fetching JDBC Connection from DataSource
2023-06-11 21:22:41.561  INFO 17052 --- [    Test worker] o.hibernate.jpa.internal.util.LogHelper  : HHH000204: Processing PersistenceUnitInfo [name: default]
2023-06-11 21:22:41.600  INFO 17052 --- [    Test worker] org.hibernate.Version                    : HHH000412: Hibernate ORM core version 5.6.5.Final
2023-06-11 21:22:41.694  INFO 17052 --- [    Test worker] o.hibernate.annotations.common.Version   : HCANN000001: Hibernate Commons Annotations {5.1.2.Final}
2023-06-11 21:22:41.765  INFO 17052 --- [    Test worker] org.hibernate.dialect.Dialect            : HHH000400: Using dialect: org.hibernate.dialect.H2Dialect
2023-06-11 21:22:42.050 DEBUG 17052 --- [    Test worker] org.hibernate.SQL                        : drop table if exists item CASCADE 
2023-06-11 21:22:42.053 DEBUG 17052 --- [    Test worker] org.hibernate.SQL                        : create table item (id bigint generated by default as identity, item_name varchar(10), price integer, quantity integer, primary key (id))
2023-06-11 21:22:42.055  INFO 17052 --- [    Test worker] o.h.e.t.j.p.i.JtaPlatformInitiator       : HHH000490: Using JtaPlatform implementation: [org.hibernate.engine.transaction.jta.platform.internal.NoJtaPlatform]
2023-06-11 21:22:42.059  INFO 17052 --- [    Test worker] j.LocalContainerEntityManagerFactoryBean : Initialized JPA EntityManagerFactory for persistence unit 'default'
2023-06-11 21:22:42.349  WARN 17052 --- [    Test worker] JpaBaseConfiguration$JpaWebConfiguration : spring.jpa.open-in-view is enabled by default. Therefore, database queries may be performed during view rendering. Explicitly configure spring.jpa.open-in-view to disable this warning
2023-06-11 21:22:42.640  INFO 17052 --- [    Test worker] o.s.b.a.w.s.WelcomePageHandlerMapping    : Adding welcome page: class path resource [static/index.html]
2023-06-11 21:22:42.918  INFO 17052 --- [    Test worker] h.itemservice.domain.ItemRepositoryTest  : Started ItemRepositoryTest in 2.556 seconds (JVM running for 3.227)
2023-06-11 21:22:42.932  INFO 17052 --- [    Test worker] o.s.t.c.transaction.TransactionContext   : Began transaction (1) for test context [DefaultTestContext@4cc61eb1 testClass = ItemRepositoryTest, testInstance = hello.itemservice.domain.ItemRepositoryTest@76ccde41, testMethod = updateItem@ItemRepositoryTest, testException = [null], mergedContextConfiguration = [WebMergedContextConfiguration@2d8f2f3a testClass = ItemRepositoryTest, locations = '{}', classes = '{class hello.itemservice.ItemServiceApplication}', contextInitializerClasses = '[]', activeProfiles = '{}', propertySourceLocations = '{}', propertySourceProperties = '{org.springframework.boot.test.context.SpringBootTestContextBootstrapper=true}', contextCustomizers = set[org.springframework.boot.test.autoconfigure.actuate.metrics.MetricsExportContextCustomizerFactory$DisableMetricExportContextCustomizer@6da00fb9, org.springframework.boot.test.autoconfigure.properties.PropertyMappingContextCustomizer@0, org.springframework.boot.test.autoconfigure.web.servlet.WebDriverContextCustomizerFactory$Customizer@68b6f0d6, org.springframework.boot.test.context.filter.ExcludeFilterContextCustomizer@3b7ff809, org.springframework.boot.test.json.DuplicateJsonObjectContextCustomizerFactory$DuplicateJsonObjectContextCustomizer@3f792b9b, org.springframework.boot.test.mock.mockito.MockitoContextCustomizer@0, org.springframework.boot.test.web.client.TestRestTemplateContextCustomizer@2bd2b28e, org.springframework.boot.test.context.SpringBootTestArgs@1, org.springframework.boot.test.context.SpringBootTestWebEnvironment@a8ef162], resourceBasePath = 'src/main/webapp', contextLoader = 'org.springframework.boot.test.context.SpringBootContextLoader', parent = [null]], attributes = map['org.springframework.test.context.web.ServletTestExecutionListener.activateListener' -> true, 'org.springframework.test.context.web.ServletTestExecutionListener.populatedRequestContextHolder' -> true, 'org.springframework.test.context.web.ServletTestExecutionListener.resetRequestContextHolder' -> true, 'org.springframework.test.context.event.ApplicationEventsTestExecutionListener.recordApplicationEvents' -> false]]; transaction manager [org.springframework.orm.jpa.JpaTransactionManager@13976c57]; rollback [true]
2023-06-11 21:22:42.994 DEBUG 17052 --- [    Test worker] org.hibernate.SQL                        : insert into item (id, item_name, price, quantity) values (default, ?, ?, ?)
2023-06-11 21:22:43.001 TRACE 17052 --- [    Test worker] o.h.type.descriptor.sql.BasicBinder      : binding parameter [1] as [VARCHAR] - [item1]
2023-06-11 21:22:43.001 TRACE 17052 --- [    Test worker] o.h.type.descriptor.sql.BasicBinder      : binding parameter [2] as [INTEGER] - [10000]
2023-06-11 21:22:43.002 TRACE 17052 --- [    Test worker] o.h.type.descriptor.sql.BasicBinder      : binding parameter [3] as [INTEGER] - [10]
2023-06-11 21:22:43.063  INFO 17052 --- [    Test worker] o.s.t.c.transaction.TransactionContext   : Rolled back transaction for test: [DefaultTestContext@4cc61eb1 testClass = ItemRepositoryTest, testInstance = hello.itemservice.domain.ItemRepositoryTest@76ccde41, testMethod = updateItem@ItemRepositoryTest, testException = [null], mergedContextConfiguration = [WebMergedContextConfiguration@2d8f2f3a testClass = ItemRepositoryTest, locations = '{}', classes = '{class hello.itemservice.ItemServiceApplication}', contextInitializerClasses = '[]', activeProfiles = '{}', propertySourceLocations = '{}', propertySourceProperties = '{org.springframework.boot.test.context.SpringBootTestContextBootstrapper=true}', contextCustomizers = set[org.springframework.boot.test.autoconfigure.actuate.metrics.MetricsExportContextCustomizerFactory$DisableMetricExportContextCustomizer@6da00fb9, org.springframework.boot.test.autoconfigure.properties.PropertyMappingContextCustomizer@0, org.springframework.boot.test.autoconfigure.web.servlet.WebDriverContextCustomizerFactory$Customizer@68b6f0d6, org.springframework.boot.test.context.filter.ExcludeFilterContextCustomizer@3b7ff809, org.springframework.boot.test.json.DuplicateJsonObjectContextCustomizerFactory$DuplicateJsonObjectContextCustomizer@3f792b9b, org.springframework.boot.test.mock.mockito.MockitoContextCustomizer@0, org.springframework.boot.test.web.client.TestRestTemplateContextCustomizer@2bd2b28e, org.springframework.boot.test.context.SpringBootTestArgs@1, org.springframework.boot.test.context.SpringBootTestWebEnvironment@a8ef162], resourceBasePath = 'src/main/webapp', contextLoader = 'org.springframework.boot.test.context.SpringBootContextLoader', parent = [null]], attributes = map['org.springframework.test.context.web.ServletTestExecutionListener.activateListener' -> true, 'org.springframework.test.context.web.ServletTestExecutionListener.populatedRequestContextHolder' -> true, 'org.springframework.test.context.web.ServletTestExecutionListener.resetRequestContextHolder' -> true, 'org.springframework.test.context.event.ApplicationEventsTestExecutionListener.recordApplicationEvents' -> false]]
2023-06-11 21:22:43.068  INFO 17052 --- [    Test worker] o.s.t.c.transaction.TransactionContext   : Began transaction (1) for test context [DefaultTestContext@4cc61eb1 testClass = ItemRepositoryTest, testInstance = hello.itemservice.domain.ItemRepositoryTest@7cd2d3b6, testMethod = save@ItemRepositoryTest, testException = [null], mergedContextConfiguration = [WebMergedContextConfiguration@2d8f2f3a testClass = ItemRepositoryTest, locations = '{}', classes = '{class hello.itemservice.ItemServiceApplication}', contextInitializerClasses = '[]', activeProfiles = '{}', propertySourceLocations = '{}', propertySourceProperties = '{org.springframework.boot.test.context.SpringBootTestContextBootstrapper=true}', contextCustomizers = set[org.springframework.boot.test.autoconfigure.actuate.metrics.MetricsExportContextCustomizerFactory$DisableMetricExportContextCustomizer@6da00fb9, org.springframework.boot.test.autoconfigure.properties.PropertyMappingContextCustomizer@0, org.springframework.boot.test.autoconfigure.web.servlet.WebDriverContextCustomizerFactory$Customizer@68b6f0d6, org.springframework.boot.test.context.filter.ExcludeFilterContextCustomizer@3b7ff809, org.springframework.boot.test.json.DuplicateJsonObjectContextCustomizerFactory$DuplicateJsonObjectContextCustomizer@3f792b9b, org.springframework.boot.test.mock.mockito.MockitoContextCustomizer@0, org.springframework.boot.test.web.client.TestRestTemplateContextCustomizer@2bd2b28e, org.springframework.boot.test.context.SpringBootTestArgs@1, org.springframework.boot.test.context.SpringBootTestWebEnvironment@a8ef162], resourceBasePath = 'src/main/webapp', contextLoader = 'org.springframework.boot.test.context.SpringBootContextLoader', parent = [null]], attributes = map['org.springframework.test.context.web.ServletTestExecutionListener.activateListener' -> true, 'org.springframework.test.context.web.ServletTestExecutionListener.populatedRequestContextHolder' -> true, 'org.springframework.test.context.web.ServletTestExecutionListener.resetRequestContextHolder' -> true, 'org.springframework.test.context.event.ApplicationEventsTestExecutionListener.recordApplicationEvents' -> false]]; transaction manager [org.springframework.orm.jpa.JpaTransactionManager@13976c57]; rollback [true]
2023-06-11 21:22:43.070 DEBUG 17052 --- [    Test worker] org.hibernate.SQL                        : insert into item (id, item_name, price, quantity) values (default, ?, ?, ?)
2023-06-11 21:22:43.070 TRACE 17052 --- [    Test worker] o.h.type.descriptor.sql.BasicBinder      : binding parameter [1] as [VARCHAR] - [itemA]
2023-06-11 21:22:43.070 TRACE 17052 --- [    Test worker] o.h.type.descriptor.sql.BasicBinder      : binding parameter [2] as [INTEGER] - [10000]
2023-06-11 21:22:43.070 TRACE 17052 --- [    Test worker] o.h.type.descriptor.sql.BasicBinder      : binding parameter [3] as [INTEGER] - [10]
2023-06-11 21:22:43.072  INFO 17052 --- [    Test worker] o.s.t.c.transaction.TransactionContext   : Rolled back transaction for test: [DefaultTestContext@4cc61eb1 testClass = ItemRepositoryTest, testInstance = hello.itemservice.domain.ItemRepositoryTest@7cd2d3b6, testMethod = save@ItemRepositoryTest, testException = [null], mergedContextConfiguration = [WebMergedContextConfiguration@2d8f2f3a testClass = ItemRepositoryTest, locations = '{}', classes = '{class hello.itemservice.ItemServiceApplication}', contextInitializerClasses = '[]', activeProfiles = '{}', propertySourceLocations = '{}', propertySourceProperties = '{org.springframework.boot.test.context.SpringBootTestContextBootstrapper=true}', contextCustomizers = set[org.springframework.boot.test.autoconfigure.actuate.metrics.MetricsExportContextCustomizerFactory$DisableMetricExportContextCustomizer@6da00fb9, org.springframework.boot.test.autoconfigure.properties.PropertyMappingContextCustomizer@0, org.springframework.boot.test.autoconfigure.web.servlet.WebDriverContextCustomizerFactory$Customizer@68b6f0d6, org.springframework.boot.test.context.filter.ExcludeFilterContextCustomizer@3b7ff809, org.springframework.boot.test.json.DuplicateJsonObjectContextCustomizerFactory$DuplicateJsonObjectContextCustomizer@3f792b9b, org.springframework.boot.test.mock.mockito.MockitoContextCustomizer@0, org.springframework.boot.test.web.client.TestRestTemplateContextCustomizer@2bd2b28e, org.springframework.boot.test.context.SpringBootTestArgs@1, org.springframework.boot.test.context.SpringBootTestWebEnvironment@a8ef162], resourceBasePath = 'src/main/webapp', contextLoader = 'org.springframework.boot.test.context.SpringBootContextLoader', parent = [null]], attributes = map['org.springframework.test.context.web.ServletTestExecutionListener.activateListener' -> true, 'org.springframework.test.context.web.ServletTestExecutionListener.populatedRequestContextHolder' -> true, 'org.springframework.test.context.web.ServletTestExecutionListener.resetRequestContextHolder' -> true, 'org.springframework.test.context.event.ApplicationEventsTestExecutionListener.recordApplicationEvents' -> false]]
2023-06-11 21:22:43.074  INFO 17052 --- [    Test worker] o.s.t.c.transaction.TransactionContext   : Began transaction (1) for test context [DefaultTestContext@4cc61eb1 testClass = ItemRepositoryTest, testInstance = hello.itemservice.domain.ItemRepositoryTest@28be7db5, testMethod = findItems@ItemRepositoryTest, testException = [null], mergedContextConfiguration = [WebMergedContextConfiguration@2d8f2f3a testClass = ItemRepositoryTest, locations = '{}', classes = '{class hello.itemservice.ItemServiceApplication}', contextInitializerClasses = '[]', activeProfiles = '{}', propertySourceLocations = '{}', propertySourceProperties = '{org.springframework.boot.test.context.SpringBootTestContextBootstrapper=true}', contextCustomizers = set[org.springframework.boot.test.autoconfigure.actuate.metrics.MetricsExportContextCustomizerFactory$DisableMetricExportContextCustomizer@6da00fb9, org.springframework.boot.test.autoconfigure.properties.PropertyMappingContextCustomizer@0, org.springframework.boot.test.autoconfigure.web.servlet.WebDriverContextCustomizerFactory$Customizer@68b6f0d6, org.springframework.boot.test.context.filter.ExcludeFilterContextCustomizer@3b7ff809, org.springframework.boot.test.json.DuplicateJsonObjectContextCustomizerFactory$DuplicateJsonObjectContextCustomizer@3f792b9b, org.springframework.boot.test.mock.mockito.MockitoContextCustomizer@0, org.springframework.boot.test.web.client.TestRestTemplateContextCustomizer@2bd2b28e, org.springframework.boot.test.context.SpringBootTestArgs@1, org.springframework.boot.test.context.SpringBootTestWebEnvironment@a8ef162], resourceBasePath = 'src/main/webapp', contextLoader = 'org.springframework.boot.test.context.SpringBootContextLoader', parent = [null]], attributes = map['org.springframework.test.context.web.ServletTestExecutionListener.activateListener' -> true, 'org.springframework.test.context.web.ServletTestExecutionListener.populatedRequestContextHolder' -> true, 'org.springframework.test.context.web.ServletTestExecutionListener.resetRequestContextHolder' -> true, 'org.springframework.test.context.event.ApplicationEventsTestExecutionListener.recordApplicationEvents' -> false]]; transaction manager [org.springframework.orm.jpa.JpaTransactionManager@13976c57]; rollback [true]
2023-06-11 21:22:43.075  INFO 17052 --- [    Test worker] h.itemservice.domain.ItemRepositoryTest  : repository=class hello.itemservice.repository.jpa.JpaItemRepositoryV3$$EnhancerBySpringCGLIB$$bc5bab23
2023-06-11 21:22:43.076 DEBUG 17052 --- [    Test worker] org.hibernate.SQL                        : insert into item (id, item_name, price, quantity) values (default, ?, ?, ?)
2023-06-11 21:22:43.077 TRACE 17052 --- [    Test worker] o.h.type.descriptor.sql.BasicBinder      : binding parameter [1] as [VARCHAR] - [itemA-1]
2023-06-11 21:22:43.077 TRACE 17052 --- [    Test worker] o.h.type.descriptor.sql.BasicBinder      : binding parameter [2] as [INTEGER] - [10000]
2023-06-11 21:22:43.077 TRACE 17052 --- [    Test worker] o.h.type.descriptor.sql.BasicBinder      : binding parameter [3] as [INTEGER] - [10]
2023-06-11 21:22:43.078 DEBUG 17052 --- [    Test worker] org.hibernate.SQL                        : insert into item (id, item_name, price, quantity) values (default, ?, ?, ?)
2023-06-11 21:22:43.078 TRACE 17052 --- [    Test worker] o.h.type.descriptor.sql.BasicBinder      : binding parameter [1] as [VARCHAR] - [itemA-2]
2023-06-11 21:22:43.078 TRACE 17052 --- [    Test worker] o.h.type.descriptor.sql.BasicBinder      : binding parameter [2] as [INTEGER] - [20000]
2023-06-11 21:22:43.078 TRACE 17052 --- [    Test worker] o.h.type.descriptor.sql.BasicBinder      : binding parameter [3] as [INTEGER] - [20]
2023-06-11 21:22:43.079 DEBUG 17052 --- [    Test worker] org.hibernate.SQL                        : insert into item (id, item_name, price, quantity) values (default, ?, ?, ?)
2023-06-11 21:22:43.079 TRACE 17052 --- [    Test worker] o.h.type.descriptor.sql.BasicBinder      : binding parameter [1] as [VARCHAR] - [itemB-1]
2023-06-11 21:22:43.079 TRACE 17052 --- [    Test worker] o.h.type.descriptor.sql.BasicBinder      : binding parameter [2] as [INTEGER] - [30000]
2023-06-11 21:22:43.079 TRACE 17052 --- [    Test worker] o.h.type.descriptor.sql.BasicBinder      : binding parameter [3] as [INTEGER] - [30]
2023-06-11 21:22:43.110 DEBUG 17052 --- [    Test worker] org.hibernate.SQL                        : select item0_.id as id1_0_, item0_.item_name as item_nam2_0_, item0_.price as price3_0_, item0_.quantity as quantity4_0_ from item item0_
2023-06-11 21:22:43.124 DEBUG 17052 --- [    Test worker] org.hibernate.SQL                        : select item0_.id as id1_0_, item0_.item_name as item_nam2_0_, item0_.price as price3_0_, item0_.quantity as quantity4_0_ from item item0_
2023-06-11 21:22:43.129 DEBUG 17052 --- [    Test worker] org.hibernate.SQL                        : select item0_.id as id1_0_, item0_.item_name as item_nam2_0_, item0_.price as price3_0_, item0_.quantity as quantity4_0_ from item item0_ where item0_.item_name like ? escape '!'
2023-06-11 21:22:43.130 TRACE 17052 --- [    Test worker] o.h.type.descriptor.sql.BasicBinder      : binding parameter [1] as [VARCHAR] - [%itemA%]
2023-06-11 21:22:43.132 DEBUG 17052 --- [    Test worker] org.hibernate.SQL                        : select item0_.id as id1_0_, item0_.item_name as item_nam2_0_, item0_.price as price3_0_, item0_.quantity as quantity4_0_ from item item0_ where item0_.item_name like ? escape '!'
2023-06-11 21:22:43.132 TRACE 17052 --- [    Test worker] o.h.type.descriptor.sql.BasicBinder      : binding parameter [1] as [VARCHAR] - [%temA%]
2023-06-11 21:22:43.133 DEBUG 17052 --- [    Test worker] org.hibernate.SQL                        : select item0_.id as id1_0_, item0_.item_name as item_nam2_0_, item0_.price as price3_0_, item0_.quantity as quantity4_0_ from item item0_ where item0_.item_name like ? escape '!'
2023-06-11 21:22:43.134 TRACE 17052 --- [    Test worker] o.h.type.descriptor.sql.BasicBinder      : binding parameter [1] as [VARCHAR] - [%itemB%]
2023-06-11 21:22:43.136 DEBUG 17052 --- [    Test worker] org.hibernate.SQL                        : select item0_.id as id1_0_, item0_.item_name as item_nam2_0_, item0_.price as price3_0_, item0_.quantity as quantity4_0_ from item item0_ where item0_.price<=?
2023-06-11 21:22:43.137 TRACE 17052 --- [    Test worker] o.h.type.descriptor.sql.BasicBinder      : binding parameter [1] as [INTEGER] - [10000]
2023-06-11 21:22:43.140 DEBUG 17052 --- [    Test worker] org.hibernate.SQL                        : select item0_.id as id1_0_, item0_.item_name as item_nam2_0_, item0_.price as price3_0_, item0_.quantity as quantity4_0_ from item item0_ where (item0_.item_name like ? escape '!') and item0_.price<=?
2023-06-11 21:22:43.140 TRACE 17052 --- [    Test worker] o.h.type.descriptor.sql.BasicBinder      : binding parameter [1] as [VARCHAR] - [%itemA%]
2023-06-11 21:22:43.140 TRACE 17052 --- [    Test worker] o.h.type.descriptor.sql.BasicBinder      : binding parameter [2] as [INTEGER] - [10000]
2023-06-11 21:22:43.144  INFO 17052 --- [    Test worker] o.s.t.c.transaction.TransactionContext   : Rolled back transaction for test: [DefaultTestContext@4cc61eb1 testClass = ItemRepositoryTest, testInstance = hello.itemservice.domain.ItemRepositoryTest@28be7db5, testMethod = findItems@ItemRepositoryTest, testException = [null], mergedContextConfiguration = [WebMergedContextConfiguration@2d8f2f3a testClass = ItemRepositoryTest, locations = '{}', classes = '{class hello.itemservice.ItemServiceApplication}', contextInitializerClasses = '[]', activeProfiles = '{}', propertySourceLocations = '{}', propertySourceProperties = '{org.springframework.boot.test.context.SpringBootTestContextBootstrapper=true}', contextCustomizers = set[org.springframework.boot.test.autoconfigure.actuate.metrics.MetricsExportContextCustomizerFactory$DisableMetricExportContextCustomizer@6da00fb9, org.springframework.boot.test.autoconfigure.properties.PropertyMappingContextCustomizer@0, org.springframework.boot.test.autoconfigure.web.servlet.WebDriverContextCustomizerFactory$Customizer@68b6f0d6, org.springframework.boot.test.context.filter.ExcludeFilterContextCustomizer@3b7ff809, org.springframework.boot.test.json.DuplicateJsonObjectContextCustomizerFactory$DuplicateJsonObjectContextCustomizer@3f792b9b, org.springframework.boot.test.mock.mockito.MockitoContextCustomizer@0, org.springframework.boot.test.web.client.TestRestTemplateContextCustomizer@2bd2b28e, org.springframework.boot.test.context.SpringBootTestArgs@1, org.springframework.boot.test.context.SpringBootTestWebEnvironment@a8ef162], resourceBasePath = 'src/main/webapp', contextLoader = 'org.springframework.boot.test.context.SpringBootContextLoader', parent = [null]], attributes = map['org.springframework.test.context.web.ServletTestExecutionListener.activateListener' -> true, 'org.springframework.test.context.web.ServletTestExecutionListener.populatedRequestContextHolder' -> true, 'org.springframework.test.context.web.ServletTestExecutionListener.resetRequestContextHolder' -> true, 'org.springframework.test.context.event.ApplicationEventsTestExecutionListener.recordApplicationEvents' -> false]]
]]></system-out>
  <system-err><![CDATA[]]></system-err>
</testsuite>
