<?xml version="1.0" encoding="UTF-8"?>
<testsuite name="hello.itemservice.domain.ItemRepositoryTest" tests="3" skipped="0" failures="0" errors="0" timestamp="2023-06-10T04:16:06" hostname="jeongsang-yun-ui-MacBookAir.local" time="0.151">
  <properties/>
  <testcase name="updateItem()" classname="hello.itemservice.domain.ItemRepositoryTest" time="0.114"/>
  <testcase name="save()" classname="hello.itemservice.domain.ItemRepositoryTest" time="0.003"/>
  <testcase name="findItems()" classname="hello.itemservice.domain.ItemRepositoryTest" time="0.033"/>
  <system-out><![CDATA[13:16:03.726 [Test worker] DEBUG org.springframework.test.context.BootstrapUtils - Instantiating CacheAwareContextLoaderDelegate from class [org.springframework.test.context.cache.DefaultCacheAwareContextLoaderDelegate]
13:16:03.736 [Test worker] DEBUG org.springframework.test.context.BootstrapUtils - Instantiating BootstrapContext using constructor [public org.springframework.test.context.support.DefaultBootstrapContext(java.lang.Class,org.springframework.test.context.CacheAwareContextLoaderDelegate)]
13:16:03.751 [Test worker] DEBUG org.springframework.test.context.BootstrapUtils - Instantiating TestContextBootstrapper for test class [hello.itemservice.domain.ItemRepositoryTest] from class [org.springframework.boot.test.context.SpringBootTestContextBootstrapper]
13:16:03.757 [Test worker] INFO org.springframework.boot.test.context.SpringBootTestContextBootstrapper - Neither @ContextConfiguration nor @ContextHierarchy found for test class [hello.itemservice.domain.ItemRepositoryTest], using SpringBootContextLoader
13:16:03.759 [Test worker] DEBUG org.springframework.test.context.support.AbstractContextLoader - Did not detect default resource location for test class [hello.itemservice.domain.ItemRepositoryTest]: class path resource [hello/itemservice/domain/ItemRepositoryTest-context.xml] does not exist
13:16:03.759 [Test worker] DEBUG org.springframework.test.context.support.AbstractContextLoader - Did not detect default resource location for test class [hello.itemservice.domain.ItemRepositoryTest]: class path resource [hello/itemservice/domain/ItemRepositoryTestContext.groovy] does not exist
13:16:03.759 [Test worker] INFO org.springframework.test.context.support.AbstractContextLoader - Could not detect default resource locations for test class [hello.itemservice.domain.ItemRepositoryTest]: no resource found for suffixes {-context.xml, Context.groovy}.
13:16:03.759 [Test worker] INFO org.springframework.test.context.support.AnnotationConfigContextLoaderUtils - Could not detect default configuration classes for test class [hello.itemservice.domain.ItemRepositoryTest]: ItemRepositoryTest does not declare any static, non-private, non-final, nested classes annotated with @Configuration.
13:16:03.778 [Test worker] DEBUG org.springframework.test.context.support.ActiveProfilesUtils - Could not find an 'annotation declaring class' for annotation type [org.springframework.test.context.ActiveProfiles] and class [hello.itemservice.domain.ItemRepositoryTest]
13:16:03.809 [Test worker] DEBUG org.springframework.context.annotation.ClassPathScanningCandidateComponentProvider - Identified candidate component class: file [/Users/jeongsang-yun/Documents/GitHub/springDB-study/itemservice-db/build/classes/java/main/hello/itemservice/ItemServiceApplication.class]
13:16:03.810 [Test worker] INFO org.springframework.boot.test.context.SpringBootTestContextBootstrapper - Found @SpringBootConfiguration hello.itemservice.ItemServiceApplication for test class hello.itemservice.domain.ItemRepositoryTest
13:16:03.856 [Test worker] DEBUG org.springframework.boot.test.context.SpringBootTestContextBootstrapper - @TestExecutionListeners is not present for class [hello.itemservice.domain.ItemRepositoryTest]: using defaults.
13:16:03.856 [Test worker] INFO org.springframework.boot.test.context.SpringBootTestContextBootstrapper - Loaded default TestExecutionListener class names from location [META-INF/spring.factories]: [org.springframework.boot.test.autoconfigure.restdocs.RestDocsTestExecutionListener, org.springframework.boot.test.autoconfigure.web.client.MockRestServiceServerResetTestExecutionListener, org.springframework.boot.test.autoconfigure.web.servlet.MockMvcPrintOnlyOnFailureTestExecutionListener, org.springframework.boot.test.autoconfigure.web.servlet.WebDriverTestExecutionListener, org.springframework.boot.test.autoconfigure.webservices.client.MockWebServiceServerTestExecutionListener, org.springframework.boot.test.mock.mockito.MockitoTestExecutionListener, org.springframework.boot.test.mock.mockito.ResetMocksTestExecutionListener, org.springframework.test.context.web.ServletTestExecutionListener, org.springframework.test.context.support.DirtiesContextBeforeModesTestExecutionListener, org.springframework.test.context.event.ApplicationEventsTestExecutionListener, org.springframework.test.context.support.DependencyInjectionTestExecutionListener, org.springframework.test.context.support.DirtiesContextTestExecutionListener, org.springframework.test.context.transaction.TransactionalTestExecutionListener, org.springframework.test.context.jdbc.SqlScriptsTestExecutionListener, org.springframework.test.context.event.EventPublishingTestExecutionListener]
13:16:03.866 [Test worker] INFO org.springframework.boot.test.context.SpringBootTestContextBootstrapper - Using TestExecutionListeners: [org.springframework.test.context.web.ServletTestExecutionListener@36ac8a63, org.springframework.test.context.support.DirtiesContextBeforeModesTestExecutionListener@4d9d1b69, org.springframework.test.context.event.ApplicationEventsTestExecutionListener@52c8295b, org.springframework.boot.test.mock.mockito.MockitoTestExecutionListener@251f7d26, org.springframework.boot.test.autoconfigure.SpringBootDependencyInjectionTestExecutionListener@77b21474, org.springframework.test.context.support.DirtiesContextTestExecutionListener@52d10fb8, org.springframework.test.context.transaction.TransactionalTestExecutionListener@41c07648, org.springframework.test.context.jdbc.SqlScriptsTestExecutionListener@1fe8d51b, org.springframework.test.context.event.EventPublishingTestExecutionListener@781e7326, org.springframework.boot.test.autoconfigure.restdocs.RestDocsTestExecutionListener@22680f52, org.springframework.boot.test.autoconfigure.web.client.MockRestServiceServerResetTestExecutionListener@60d84f61, org.springframework.boot.test.autoconfigure.web.servlet.MockMvcPrintOnlyOnFailureTestExecutionListener@39c11e6c, org.springframework.boot.test.autoconfigure.web.servlet.WebDriverTestExecutionListener@324dcd31, org.springframework.boot.test.autoconfigure.webservices.client.MockWebServiceServerTestExecutionListener@503d56b5, org.springframework.boot.test.mock.mockito.ResetMocksTestExecutionListener@72bca894]
13:16:03.868 [Test worker] DEBUG org.springframework.test.context.support.AbstractDirtiesContextTestExecutionListener - Before test class: context [DefaultTestContext@238b521e testClass = ItemRepositoryTest, testInstance = [null], testMethod = [null], testException = [null], mergedContextConfiguration = [WebMergedContextConfiguration@1b39fd82 testClass = ItemRepositoryTest, locations = '{}', classes = '{class hello.itemservice.ItemServiceApplication}', contextInitializerClasses = '[]', activeProfiles = '{}', propertySourceLocations = '{}', propertySourceProperties = '{org.springframework.boot.test.context.SpringBootTestContextBootstrapper=true}', contextCustomizers = set[org.springframework.boot.test.autoconfigure.actuate.metrics.MetricsExportContextCustomizerFactory$DisableMetricExportContextCustomizer@549949be, org.springframework.boot.test.autoconfigure.properties.PropertyMappingContextCustomizer@0, org.springframework.boot.test.autoconfigure.web.servlet.WebDriverContextCustomizerFactory$Customizer@478ee483, org.springframework.boot.test.context.filter.ExcludeFilterContextCustomizer@665df3c6, org.springframework.boot.test.json.DuplicateJsonObjectContextCustomizerFactory$DuplicateJsonObjectContextCustomizer@aa549e5, org.springframework.boot.test.mock.mockito.MockitoContextCustomizer@0, org.springframework.boot.test.web.client.TestRestTemplateContextCustomizer@4a891c97, org.springframework.boot.test.context.SpringBootTestArgs@1, org.springframework.boot.test.context.SpringBootTestWebEnvironment@2bdd8394], resourceBasePath = 'src/main/webapp', contextLoader = 'org.springframework.boot.test.context.SpringBootContextLoader', parent = [null]], attributes = map['org.springframework.test.context.web.ServletTestExecutionListener.activateListener' -> true]], class annotated with @DirtiesContext [false] with mode [null].

  .   ____          _            __ _ _
 /\\ / ___'_ __ _ _(_)_ __  __ _ \ \ \ \
( ( )\___ | '_ | '_| | '_ \/ _` | \ \ \ \
 \\/  ___)| |_)| | | | | || (_| |  ) ) ) )
  '  |____| .__|_| |_|_| |_\__, | / / / /
 =========|_|==============|___/=/_/_/_/
 :: Spring Boot ::                (v2.6.5)

2023-06-10 13:16:04.144  INFO 7784 --- [    Test worker] h.itemservice.domain.ItemRepositoryTest  : Starting ItemRepositoryTest using Java 11.0.18 on jeongsang-yun-ui-MacBookAir.local with PID 7784 (started by jeongsang-yun in /Users/jeongsang-yun/Documents/GitHub/springDB-study/itemservice-db)
2023-06-10 13:16:04.146  INFO 7784 --- [    Test worker] h.itemservice.domain.ItemRepositoryTest  : The following 1 profile is active: "test"
2023-06-10 13:16:04.618  INFO 7784 --- [    Test worker] .s.d.r.c.RepositoryConfigurationDelegate : Bootstrapping Spring Data JPA repositories in DEFAULT mode.
2023-06-10 13:16:04.651  INFO 7784 --- [    Test worker] .s.d.r.c.RepositoryConfigurationDelegate : Finished Spring Data repository scanning in 29 ms. Found 1 JPA repository interfaces.
2023-06-10 13:16:04.879 DEBUG 7784 --- [    Test worker] o.s.jdbc.datasource.DataSourceUtils      : Fetching JDBC Connection from DataSource
2023-06-10 13:16:04.880  INFO 7784 --- [    Test worker] com.zaxxer.hikari.HikariDataSource       : HikariPool-1 - Starting...
2023-06-10 13:16:04.972  INFO 7784 --- [    Test worker] com.zaxxer.hikari.HikariDataSource       : HikariPool-1 - Start completed.
2023-06-10 13:16:04.982 DEBUG 7784 --- [    Test worker] o.s.jdbc.datasource.DataSourceUtils      : Fetching JDBC Connection from DataSource
2023-06-10 13:16:04.982 DEBUG 7784 --- [    Test worker] o.s.jdbc.datasource.init.ScriptUtils     : Executing SQL script from URL [file:/Users/jeongsang-yun/Documents/GitHub/springDB-study/itemservice-db/build/resources/test/schema.sql]
2023-06-10 13:16:04.985 DEBUG 7784 --- [    Test worker] o.s.jdbc.datasource.init.ScriptUtils     : 0 returned as update count for SQL: drop table if exists item CASCADE
2023-06-10 13:16:04.990 DEBUG 7784 --- [    Test worker] o.s.jdbc.datasource.init.ScriptUtils     : 0 returned as update count for SQL: create table item ( id bigint generated by default as identity, item_name varchar(10), price integer, quantity integer, primary key (id) )
2023-06-10 13:16:04.990 DEBUG 7784 --- [    Test worker] o.s.jdbc.datasource.init.ScriptUtils     : Executed SQL script from URL [file:/Users/jeongsang-yun/Documents/GitHub/springDB-study/itemservice-db/build/resources/test/schema.sql] in 8 ms.
2023-06-10 13:16:05.034 DEBUG 7784 --- [    Test worker] o.s.jdbc.datasource.DataSourceUtils      : Fetching JDBC Connection from DataSource
2023-06-10 13:16:05.066  INFO 7784 --- [    Test worker] o.hibernate.jpa.internal.util.LogHelper  : HHH000204: Processing PersistenceUnitInfo [name: default]
2023-06-10 13:16:05.095  INFO 7784 --- [    Test worker] org.hibernate.Version                    : HHH000412: Hibernate ORM core version 5.6.5.Final
2023-06-10 13:16:05.194  INFO 7784 --- [    Test worker] o.hibernate.annotations.common.Version   : HCANN000001: Hibernate Commons Annotations {5.1.2.Final}
2023-06-10 13:16:05.251  INFO 7784 --- [    Test worker] org.hibernate.dialect.Dialect            : HHH000400: Using dialect: org.hibernate.dialect.H2Dialect
2023-06-10 13:16:05.516 DEBUG 7784 --- [    Test worker] org.hibernate.SQL                        : drop table if exists item CASCADE 
2023-06-10 13:16:05.519 DEBUG 7784 --- [    Test worker] org.hibernate.SQL                        : create table item (id bigint generated by default as identity, item_name varchar(10), price integer, quantity integer, primary key (id))
2023-06-10 13:16:05.520  INFO 7784 --- [    Test worker] o.h.e.t.j.p.i.JtaPlatformInitiator       : HHH000490: Using JtaPlatform implementation: [org.hibernate.engine.transaction.jta.platform.internal.NoJtaPlatform]
2023-06-10 13:16:05.524  INFO 7784 --- [    Test worker] j.LocalContainerEntityManagerFactoryBean : Initialized JPA EntityManagerFactory for persistence unit 'default'
2023-06-10 13:16:05.885  WARN 7784 --- [    Test worker] JpaBaseConfiguration$JpaWebConfiguration : spring.jpa.open-in-view is enabled by default. Therefore, database queries may be performed during view rendering. Explicitly configure spring.jpa.open-in-view to disable this warning
2023-06-10 13:16:06.035  INFO 7784 --- [    Test worker] o.s.b.a.w.s.WelcomePageHandlerMapping    : Adding welcome page: class path resource [static/index.html]
2023-06-10 13:16:06.270  INFO 7784 --- [    Test worker] h.itemservice.domain.ItemRepositoryTest  : Started ItemRepositoryTest in 2.382 seconds (JVM running for 2.993)
2023-06-10 13:16:06.286  INFO 7784 --- [    Test worker] o.s.t.c.transaction.TransactionContext   : Began transaction (1) for test context [DefaultTestContext@238b521e testClass = ItemRepositoryTest, testInstance = hello.itemservice.domain.ItemRepositoryTest@240e61, testMethod = updateItem@ItemRepositoryTest, testException = [null], mergedContextConfiguration = [WebMergedContextConfiguration@1b39fd82 testClass = ItemRepositoryTest, locations = '{}', classes = '{class hello.itemservice.ItemServiceApplication}', contextInitializerClasses = '[]', activeProfiles = '{}', propertySourceLocations = '{}', propertySourceProperties = '{org.springframework.boot.test.context.SpringBootTestContextBootstrapper=true}', contextCustomizers = set[org.springframework.boot.test.autoconfigure.actuate.metrics.MetricsExportContextCustomizerFactory$DisableMetricExportContextCustomizer@549949be, org.springframework.boot.test.autoconfigure.properties.PropertyMappingContextCustomizer@0, org.springframework.boot.test.autoconfigure.web.servlet.WebDriverContextCustomizerFactory$Customizer@478ee483, org.springframework.boot.test.context.filter.ExcludeFilterContextCustomizer@665df3c6, org.springframework.boot.test.json.DuplicateJsonObjectContextCustomizerFactory$DuplicateJsonObjectContextCustomizer@aa549e5, org.springframework.boot.test.mock.mockito.MockitoContextCustomizer@0, org.springframework.boot.test.web.client.TestRestTemplateContextCustomizer@4a891c97, org.springframework.boot.test.context.SpringBootTestArgs@1, org.springframework.boot.test.context.SpringBootTestWebEnvironment@2bdd8394], resourceBasePath = 'src/main/webapp', contextLoader = 'org.springframework.boot.test.context.SpringBootContextLoader', parent = [null]], attributes = map['org.springframework.test.context.web.ServletTestExecutionListener.activateListener' -> true, 'org.springframework.test.context.web.ServletTestExecutionListener.populatedRequestContextHolder' -> true, 'org.springframework.test.context.web.ServletTestExecutionListener.resetRequestContextHolder' -> true, 'org.springframework.test.context.event.ApplicationEventsTestExecutionListener.recordApplicationEvents' -> false]]; transaction manager [org.springframework.orm.jpa.JpaTransactionManager@341c0dfc]; rollback [true]
2023-06-10 13:16:06.347 DEBUG 7784 --- [    Test worker] org.hibernate.SQL                        : insert into item (id, item_name, price, quantity) values (default, ?, ?, ?)
2023-06-10 13:16:06.349 TRACE 7784 --- [    Test worker] o.h.type.descriptor.sql.BasicBinder      : binding parameter [1] as [VARCHAR] - [item1]
2023-06-10 13:16:06.349 TRACE 7784 --- [    Test worker] o.h.type.descriptor.sql.BasicBinder      : binding parameter [2] as [INTEGER] - [10000]
2023-06-10 13:16:06.349 TRACE 7784 --- [    Test worker] o.h.type.descriptor.sql.BasicBinder      : binding parameter [3] as [INTEGER] - [10]
2023-06-10 13:16:06.393  INFO 7784 --- [    Test worker] o.s.t.c.transaction.TransactionContext   : Rolled back transaction for test: [DefaultTestContext@238b521e testClass = ItemRepositoryTest, testInstance = hello.itemservice.domain.ItemRepositoryTest@240e61, testMethod = updateItem@ItemRepositoryTest, testException = [null], mergedContextConfiguration = [WebMergedContextConfiguration@1b39fd82 testClass = ItemRepositoryTest, locations = '{}', classes = '{class hello.itemservice.ItemServiceApplication}', contextInitializerClasses = '[]', activeProfiles = '{}', propertySourceLocations = '{}', propertySourceProperties = '{org.springframework.boot.test.context.SpringBootTestContextBootstrapper=true}', contextCustomizers = set[org.springframework.boot.test.autoconfigure.actuate.metrics.MetricsExportContextCustomizerFactory$DisableMetricExportContextCustomizer@549949be, org.springframework.boot.test.autoconfigure.properties.PropertyMappingContextCustomizer@0, org.springframework.boot.test.autoconfigure.web.servlet.WebDriverContextCustomizerFactory$Customizer@478ee483, org.springframework.boot.test.context.filter.ExcludeFilterContextCustomizer@665df3c6, org.springframework.boot.test.json.DuplicateJsonObjectContextCustomizerFactory$DuplicateJsonObjectContextCustomizer@aa549e5, org.springframework.boot.test.mock.mockito.MockitoContextCustomizer@0, org.springframework.boot.test.web.client.TestRestTemplateContextCustomizer@4a891c97, org.springframework.boot.test.context.SpringBootTestArgs@1, org.springframework.boot.test.context.SpringBootTestWebEnvironment@2bdd8394], resourceBasePath = 'src/main/webapp', contextLoader = 'org.springframework.boot.test.context.SpringBootContextLoader', parent = [null]], attributes = map['org.springframework.test.context.web.ServletTestExecutionListener.activateListener' -> true, 'org.springframework.test.context.web.ServletTestExecutionListener.populatedRequestContextHolder' -> true, 'org.springframework.test.context.web.ServletTestExecutionListener.resetRequestContextHolder' -> true, 'org.springframework.test.context.event.ApplicationEventsTestExecutionListener.recordApplicationEvents' -> false]]
2023-06-10 13:16:06.396  INFO 7784 --- [    Test worker] o.s.t.c.transaction.TransactionContext   : Began transaction (1) for test context [DefaultTestContext@238b521e testClass = ItemRepositoryTest, testInstance = hello.itemservice.domain.ItemRepositoryTest@19c6e821, testMethod = save@ItemRepositoryTest, testException = [null], mergedContextConfiguration = [WebMergedContextConfiguration@1b39fd82 testClass = ItemRepositoryTest, locations = '{}', classes = '{class hello.itemservice.ItemServiceApplication}', contextInitializerClasses = '[]', activeProfiles = '{}', propertySourceLocations = '{}', propertySourceProperties = '{org.springframework.boot.test.context.SpringBootTestContextBootstrapper=true}', contextCustomizers = set[org.springframework.boot.test.autoconfigure.actuate.metrics.MetricsExportContextCustomizerFactory$DisableMetricExportContextCustomizer@549949be, org.springframework.boot.test.autoconfigure.properties.PropertyMappingContextCustomizer@0, org.springframework.boot.test.autoconfigure.web.servlet.WebDriverContextCustomizerFactory$Customizer@478ee483, org.springframework.boot.test.context.filter.ExcludeFilterContextCustomizer@665df3c6, org.springframework.boot.test.json.DuplicateJsonObjectContextCustomizerFactory$DuplicateJsonObjectContextCustomizer@aa549e5, org.springframework.boot.test.mock.mockito.MockitoContextCustomizer@0, org.springframework.boot.test.web.client.TestRestTemplateContextCustomizer@4a891c97, org.springframework.boot.test.context.SpringBootTestArgs@1, org.springframework.boot.test.context.SpringBootTestWebEnvironment@2bdd8394], resourceBasePath = 'src/main/webapp', contextLoader = 'org.springframework.boot.test.context.SpringBootContextLoader', parent = [null]], attributes = map['org.springframework.test.context.web.ServletTestExecutionListener.activateListener' -> true, 'org.springframework.test.context.web.ServletTestExecutionListener.populatedRequestContextHolder' -> true, 'org.springframework.test.context.web.ServletTestExecutionListener.resetRequestContextHolder' -> true, 'org.springframework.test.context.event.ApplicationEventsTestExecutionListener.recordApplicationEvents' -> false]]; transaction manager [org.springframework.orm.jpa.JpaTransactionManager@341c0dfc]; rollback [true]
2023-06-10 13:16:06.397 DEBUG 7784 --- [    Test worker] org.hibernate.SQL                        : insert into item (id, item_name, price, quantity) values (default, ?, ?, ?)
2023-06-10 13:16:06.398 TRACE 7784 --- [    Test worker] o.h.type.descriptor.sql.BasicBinder      : binding parameter [1] as [VARCHAR] - [itemA]
2023-06-10 13:16:06.398 TRACE 7784 --- [    Test worker] o.h.type.descriptor.sql.BasicBinder      : binding parameter [2] as [INTEGER] - [10000]
2023-06-10 13:16:06.398 TRACE 7784 --- [    Test worker] o.h.type.descriptor.sql.BasicBinder      : binding parameter [3] as [INTEGER] - [10]
2023-06-10 13:16:06.399  INFO 7784 --- [    Test worker] o.s.t.c.transaction.TransactionContext   : Rolled back transaction for test: [DefaultTestContext@238b521e testClass = ItemRepositoryTest, testInstance = hello.itemservice.domain.ItemRepositoryTest@19c6e821, testMethod = save@ItemRepositoryTest, testException = [null], mergedContextConfiguration = [WebMergedContextConfiguration@1b39fd82 testClass = ItemRepositoryTest, locations = '{}', classes = '{class hello.itemservice.ItemServiceApplication}', contextInitializerClasses = '[]', activeProfiles = '{}', propertySourceLocations = '{}', propertySourceProperties = '{org.springframework.boot.test.context.SpringBootTestContextBootstrapper=true}', contextCustomizers = set[org.springframework.boot.test.autoconfigure.actuate.metrics.MetricsExportContextCustomizerFactory$DisableMetricExportContextCustomizer@549949be, org.springframework.boot.test.autoconfigure.properties.PropertyMappingContextCustomizer@0, org.springframework.boot.test.autoconfigure.web.servlet.WebDriverContextCustomizerFactory$Customizer@478ee483, org.springframework.boot.test.context.filter.ExcludeFilterContextCustomizer@665df3c6, org.springframework.boot.test.json.DuplicateJsonObjectContextCustomizerFactory$DuplicateJsonObjectContextCustomizer@aa549e5, org.springframework.boot.test.mock.mockito.MockitoContextCustomizer@0, org.springframework.boot.test.web.client.TestRestTemplateContextCustomizer@4a891c97, org.springframework.boot.test.context.SpringBootTestArgs@1, org.springframework.boot.test.context.SpringBootTestWebEnvironment@2bdd8394], resourceBasePath = 'src/main/webapp', contextLoader = 'org.springframework.boot.test.context.SpringBootContextLoader', parent = [null]], attributes = map['org.springframework.test.context.web.ServletTestExecutionListener.activateListener' -> true, 'org.springframework.test.context.web.ServletTestExecutionListener.populatedRequestContextHolder' -> true, 'org.springframework.test.context.web.ServletTestExecutionListener.resetRequestContextHolder' -> true, 'org.springframework.test.context.event.ApplicationEventsTestExecutionListener.recordApplicationEvents' -> false]]
2023-06-10 13:16:06.400  INFO 7784 --- [    Test worker] o.s.t.c.transaction.TransactionContext   : Began transaction (1) for test context [DefaultTestContext@238b521e testClass = ItemRepositoryTest, testInstance = hello.itemservice.domain.ItemRepositoryTest@209f0986, testMethod = findItems@ItemRepositoryTest, testException = [null], mergedContextConfiguration = [WebMergedContextConfiguration@1b39fd82 testClass = ItemRepositoryTest, locations = '{}', classes = '{class hello.itemservice.ItemServiceApplication}', contextInitializerClasses = '[]', activeProfiles = '{}', propertySourceLocations = '{}', propertySourceProperties = '{org.springframework.boot.test.context.SpringBootTestContextBootstrapper=true}', contextCustomizers = set[org.springframework.boot.test.autoconfigure.actuate.metrics.MetricsExportContextCustomizerFactory$DisableMetricExportContextCustomizer@549949be, org.springframework.boot.test.autoconfigure.properties.PropertyMappingContextCustomizer@0, org.springframework.boot.test.autoconfigure.web.servlet.WebDriverContextCustomizerFactory$Customizer@478ee483, org.springframework.boot.test.context.filter.ExcludeFilterContextCustomizer@665df3c6, org.springframework.boot.test.json.DuplicateJsonObjectContextCustomizerFactory$DuplicateJsonObjectContextCustomizer@aa549e5, org.springframework.boot.test.mock.mockito.MockitoContextCustomizer@0, org.springframework.boot.test.web.client.TestRestTemplateContextCustomizer@4a891c97, org.springframework.boot.test.context.SpringBootTestArgs@1, org.springframework.boot.test.context.SpringBootTestWebEnvironment@2bdd8394], resourceBasePath = 'src/main/webapp', contextLoader = 'org.springframework.boot.test.context.SpringBootContextLoader', parent = [null]], attributes = map['org.springframework.test.context.web.ServletTestExecutionListener.activateListener' -> true, 'org.springframework.test.context.web.ServletTestExecutionListener.populatedRequestContextHolder' -> true, 'org.springframework.test.context.web.ServletTestExecutionListener.resetRequestContextHolder' -> true, 'org.springframework.test.context.event.ApplicationEventsTestExecutionListener.recordApplicationEvents' -> false]]; transaction manager [org.springframework.orm.jpa.JpaTransactionManager@341c0dfc]; rollback [true]
2023-06-10 13:16:06.401  INFO 7784 --- [    Test worker] h.itemservice.domain.ItemRepositoryTest  : repository=class hello.itemservice.repository.jpa.JpaItemRepositoryV2$$EnhancerBySpringCGLIB$$fd771aea
2023-06-10 13:16:06.401 DEBUG 7784 --- [    Test worker] org.hibernate.SQL                        : insert into item (id, item_name, price, quantity) values (default, ?, ?, ?)
2023-06-10 13:16:06.401 TRACE 7784 --- [    Test worker] o.h.type.descriptor.sql.BasicBinder      : binding parameter [1] as [VARCHAR] - [itemA-1]
2023-06-10 13:16:06.401 TRACE 7784 --- [    Test worker] o.h.type.descriptor.sql.BasicBinder      : binding parameter [2] as [INTEGER] - [10000]
2023-06-10 13:16:06.401 TRACE 7784 --- [    Test worker] o.h.type.descriptor.sql.BasicBinder      : binding parameter [3] as [INTEGER] - [10]
2023-06-10 13:16:06.401 DEBUG 7784 --- [    Test worker] org.hibernate.SQL                        : insert into item (id, item_name, price, quantity) values (default, ?, ?, ?)
2023-06-10 13:16:06.401 TRACE 7784 --- [    Test worker] o.h.type.descriptor.sql.BasicBinder      : binding parameter [1] as [VARCHAR] - [itemA-2]
2023-06-10 13:16:06.402 TRACE 7784 --- [    Test worker] o.h.type.descriptor.sql.BasicBinder      : binding parameter [2] as [INTEGER] - [20000]
2023-06-10 13:16:06.402 TRACE 7784 --- [    Test worker] o.h.type.descriptor.sql.BasicBinder      : binding parameter [3] as [INTEGER] - [20]
2023-06-10 13:16:06.402 DEBUG 7784 --- [    Test worker] org.hibernate.SQL                        : insert into item (id, item_name, price, quantity) values (default, ?, ?, ?)
2023-06-10 13:16:06.402 TRACE 7784 --- [    Test worker] o.h.type.descriptor.sql.BasicBinder      : binding parameter [1] as [VARCHAR] - [itemB-1]
2023-06-10 13:16:06.402 TRACE 7784 --- [    Test worker] o.h.type.descriptor.sql.BasicBinder      : binding parameter [2] as [INTEGER] - [30000]
2023-06-10 13:16:06.402 TRACE 7784 --- [    Test worker] o.h.type.descriptor.sql.BasicBinder      : binding parameter [3] as [INTEGER] - [30]
2023-06-10 13:16:06.411 DEBUG 7784 --- [    Test worker] org.hibernate.SQL                        : select item0_.id as id1_0_, item0_.item_name as item_nam2_0_, item0_.price as price3_0_, item0_.quantity as quantity4_0_ from item item0_
2023-06-10 13:16:06.419 DEBUG 7784 --- [    Test worker] org.hibernate.SQL                        : select item0_.id as id1_0_, item0_.item_name as item_nam2_0_, item0_.price as price3_0_, item0_.quantity as quantity4_0_ from item item0_
2023-06-10 13:16:06.425 DEBUG 7784 --- [    Test worker] org.hibernate.SQL                        : select item0_.id as id1_0_, item0_.item_name as item_nam2_0_, item0_.price as price3_0_, item0_.quantity as quantity4_0_ from item item0_ where item0_.item_name like ? escape ?
2023-06-10 13:16:06.425 TRACE 7784 --- [    Test worker] o.h.type.descriptor.sql.BasicBinder      : binding parameter [1] as [VARCHAR] - [%itemA%]
2023-06-10 13:16:06.425 TRACE 7784 --- [    Test worker] o.h.type.descriptor.sql.BasicBinder      : binding parameter [2] as [CHAR] - [\]
2023-06-10 13:16:06.426 DEBUG 7784 --- [    Test worker] org.hibernate.SQL                        : select item0_.id as id1_0_, item0_.item_name as item_nam2_0_, item0_.price as price3_0_, item0_.quantity as quantity4_0_ from item item0_ where item0_.item_name like ? escape ?
2023-06-10 13:16:06.426 TRACE 7784 --- [    Test worker] o.h.type.descriptor.sql.BasicBinder      : binding parameter [1] as [VARCHAR] - [%temA%]
2023-06-10 13:16:06.426 TRACE 7784 --- [    Test worker] o.h.type.descriptor.sql.BasicBinder      : binding parameter [2] as [CHAR] - [\]
2023-06-10 13:16:06.427 DEBUG 7784 --- [    Test worker] org.hibernate.SQL                        : select item0_.id as id1_0_, item0_.item_name as item_nam2_0_, item0_.price as price3_0_, item0_.quantity as quantity4_0_ from item item0_ where item0_.item_name like ? escape ?
2023-06-10 13:16:06.427 TRACE 7784 --- [    Test worker] o.h.type.descriptor.sql.BasicBinder      : binding parameter [1] as [VARCHAR] - [%itemB%]
2023-06-10 13:16:06.427 TRACE 7784 --- [    Test worker] o.h.type.descriptor.sql.BasicBinder      : binding parameter [2] as [CHAR] - [\]
2023-06-10 13:16:06.428 DEBUG 7784 --- [    Test worker] org.hibernate.SQL                        : select item0_.id as id1_0_, item0_.item_name as item_nam2_0_, item0_.price as price3_0_, item0_.quantity as quantity4_0_ from item item0_ where item0_.price<=?
2023-06-10 13:16:06.429 TRACE 7784 --- [    Test worker] o.h.type.descriptor.sql.BasicBinder      : binding parameter [1] as [INTEGER] - [10000]
2023-06-10 13:16:06.431 DEBUG 7784 --- [    Test worker] org.hibernate.SQL                        : select item0_.id as id1_0_, item0_.item_name as item_nam2_0_, item0_.price as price3_0_, item0_.quantity as quantity4_0_ from item item0_ where (item0_.item_name like ?) and item0_.price<=?
2023-06-10 13:16:06.431 TRACE 7784 --- [    Test worker] o.h.type.descriptor.sql.BasicBinder      : binding parameter [1] as [VARCHAR] - [%itemA%]
2023-06-10 13:16:06.431 TRACE 7784 --- [    Test worker] o.h.type.descriptor.sql.BasicBinder      : binding parameter [2] as [INTEGER] - [10000]
2023-06-10 13:16:06.433  INFO 7784 --- [    Test worker] o.s.t.c.transaction.TransactionContext   : Rolled back transaction for test: [DefaultTestContext@238b521e testClass = ItemRepositoryTest, testInstance = hello.itemservice.domain.ItemRepositoryTest@209f0986, testMethod = findItems@ItemRepositoryTest, testException = [null], mergedContextConfiguration = [WebMergedContextConfiguration@1b39fd82 testClass = ItemRepositoryTest, locations = '{}', classes = '{class hello.itemservice.ItemServiceApplication}', contextInitializerClasses = '[]', activeProfiles = '{}', propertySourceLocations = '{}', propertySourceProperties = '{org.springframework.boot.test.context.SpringBootTestContextBootstrapper=true}', contextCustomizers = set[org.springframework.boot.test.autoconfigure.actuate.metrics.MetricsExportContextCustomizerFactory$DisableMetricExportContextCustomizer@549949be, org.springframework.boot.test.autoconfigure.properties.PropertyMappingContextCustomizer@0, org.springframework.boot.test.autoconfigure.web.servlet.WebDriverContextCustomizerFactory$Customizer@478ee483, org.springframework.boot.test.context.filter.ExcludeFilterContextCustomizer@665df3c6, org.springframework.boot.test.json.DuplicateJsonObjectContextCustomizerFactory$DuplicateJsonObjectContextCustomizer@aa549e5, org.springframework.boot.test.mock.mockito.MockitoContextCustomizer@0, org.springframework.boot.test.web.client.TestRestTemplateContextCustomizer@4a891c97, org.springframework.boot.test.context.SpringBootTestArgs@1, org.springframework.boot.test.context.SpringBootTestWebEnvironment@2bdd8394], resourceBasePath = 'src/main/webapp', contextLoader = 'org.springframework.boot.test.context.SpringBootContextLoader', parent = [null]], attributes = map['org.springframework.test.context.web.ServletTestExecutionListener.activateListener' -> true, 'org.springframework.test.context.web.ServletTestExecutionListener.populatedRequestContextHolder' -> true, 'org.springframework.test.context.web.ServletTestExecutionListener.resetRequestContextHolder' -> true, 'org.springframework.test.context.event.ApplicationEventsTestExecutionListener.recordApplicationEvents' -> false]]
]]></system-out>
  <system-err><![CDATA[]]></system-err>
</testsuite>
